INFO - 2023-09-10 01:32:32 --> Session: Class initialized using 'CodeIgniter\Session\Handlers\FileHandler' driver.
INFO - 2023-09-10 01:32:41 --> Session: Class initialized using 'CodeIgniter\Session\Handlers\FileHandler' driver.
INFO - 2023-09-10 01:32:42 --> Session: Class initialized using 'CodeIgniter\Session\Handlers\FileHandler' driver.
INFO - 2023-09-10 01:32:49 --> Session: Class initialized using 'CodeIgniter\Session\Handlers\FileHandler' driver.
INFO - 2023-09-10 01:32:53 --> Session: Class initialized using 'CodeIgniter\Session\Handlers\FileHandler' driver.
INFO - 2023-09-10 01:32:55 --> Session: Class initialized using 'CodeIgniter\Session\Handlers\FileHandler' driver.
INFO - 2023-09-10 01:32:56 --> Session: Class initialized using 'CodeIgniter\Session\Handlers\FileHandler' driver.
CRITICAL - 2023-09-10 01:32:56 --> Class "PhpOffice\PhpSpreadsheet\Spreadsheet" not found
in APPPATH\Views\usuarios\excel.php on line 6.
 1 SYSTEMPATH\View\View.php(213): include()
 2 SYSTEMPATH\View\View.php(216): CodeIgniter\View\View->CodeIgniter\View\{closure}()
 3 SYSTEMPATH\Common.php(1184): CodeIgniter\View\View->render('usuarios/excel', [], true)
 4 APPPATH\Controllers\Usuarios.php(157): view('usuarios/excel')
 5 SYSTEMPATH\CodeIgniter.php(934): App\Controllers\Usuarios->excel()
 6 SYSTEMPATH\CodeIgniter.php(499): CodeIgniter\CodeIgniter->runController(Object(App\Controllers\Usuarios))
 7 SYSTEMPATH\CodeIgniter.php(368): CodeIgniter\CodeIgniter->handleRequest(null, Object(Config\Cache), false)
 8 FCPATH\index.php(67): CodeIgniter\CodeIgniter->run()
CRITICAL - 2023-09-10 01:35:10 --> Class "PhpOffice\PhpSpreadsheet\Spreadsheet" not found
in APPPATH\Controllers\Usuarios.php on line 161.
 1 SYSTEMPATH\CodeIgniter.php(934): App\Controllers\Usuarios->excel()
 2 SYSTEMPATH\CodeIgniter.php(499): CodeIgniter\CodeIgniter->runController(Object(App\Controllers\Usuarios))
 3 SYSTEMPATH\CodeIgniter.php(368): CodeIgniter\CodeIgniter->handleRequest(null, Object(Config\Cache), false)
 4 FCPATH\index.php(67): CodeIgniter\CodeIgniter->run()
CRITICAL - 2023-09-10 01:35:12 --> Class "PhpOffice\PhpSpreadsheet\Spreadsheet" not found
in APPPATH\Controllers\Usuarios.php on line 161.
 1 SYSTEMPATH\CodeIgniter.php(934): App\Controllers\Usuarios->excel()
 2 SYSTEMPATH\CodeIgniter.php(499): CodeIgniter\CodeIgniter->runController(Object(App\Controllers\Usuarios))
 3 SYSTEMPATH\CodeIgniter.php(368): CodeIgniter\CodeIgniter->handleRequest(null, Object(Config\Cache), false)
 4 FCPATH\index.php(67): CodeIgniter\CodeIgniter->run()
CRITICAL - 2023-09-10 01:39:28 --> Class "PhpOffice\PhpSpreadsheet\Spreadsheet" not found
in APPPATH\Controllers\Usuarios.php on line 160.
 1 SYSTEMPATH\CodeIgniter.php(934): App\Controllers\Usuarios->excel()
 2 SYSTEMPATH\CodeIgniter.php(499): CodeIgniter\CodeIgniter->runController(Object(App\Controllers\Usuarios))
 3 SYSTEMPATH\CodeIgniter.php(368): CodeIgniter\CodeIgniter->handleRequest(null, Object(Config\Cache), false)
 4 FCPATH\index.php(67): CodeIgniter\CodeIgniter->run()
CRITICAL - 2023-09-10 01:39:31 --> Class "PhpOffice\PhpSpreadsheet\Spreadsheet" not found
in APPPATH\Controllers\Usuarios.php on line 160.
 1 SYSTEMPATH\CodeIgniter.php(934): App\Controllers\Usuarios->excel()
 2 SYSTEMPATH\CodeIgniter.php(499): CodeIgniter\CodeIgniter->runController(Object(App\Controllers\Usuarios))
 3 SYSTEMPATH\CodeIgniter.php(368): CodeIgniter\CodeIgniter->handleRequest(null, Object(Config\Cache), false)
 4 FCPATH\index.php(67): CodeIgniter\CodeIgniter->run()
CRITICAL - 2023-09-10 01:41:37 --> Class "PhpOffice\PhpSpreadsheet\Spreadsheet" not found
in APPPATH\Controllers\Usuarios.php on line 160.
 1 SYSTEMPATH\CodeIgniter.php(934): App\Controllers\Usuarios->excel()
 2 SYSTEMPATH\CodeIgniter.php(499): CodeIgniter\CodeIgniter->runController(Object(App\Controllers\Usuarios))
 3 SYSTEMPATH\CodeIgniter.php(368): CodeIgniter\CodeIgniter->handleRequest(null, Object(Config\Cache), false)
 4 FCPATH\index.php(67): CodeIgniter\CodeIgniter->run()
CRITICAL - 2023-09-10 01:42:15 --> Class "PhpOffice\PhpSpreadsheet\Spreadsheet" not found
in APPPATH\Controllers\Usuarios.php on line 160.
 1 SYSTEMPATH\CodeIgniter.php(934): App\Controllers\Usuarios->excel()
 2 SYSTEMPATH\CodeIgniter.php(499): CodeIgniter\CodeIgniter->runController(Object(App\Controllers\Usuarios))
 3 SYSTEMPATH\CodeIgniter.php(368): CodeIgniter\CodeIgniter->handleRequest(null, Object(Config\Cache), false)
 4 FCPATH\index.php(67): CodeIgniter\CodeIgniter->run()
INFO - 2023-09-10 01:42:19 --> Session: Class initialized using 'CodeIgniter\Session\Handlers\FileHandler' driver.
INFO - 2023-09-10 01:42:21 --> Session: Class initialized using 'CodeIgniter\Session\Handlers\FileHandler' driver.
CRITICAL - 2023-09-10 01:42:23 --> Class "PhpOffice\PhpSpreadsheet\Spreadsheet" not found
in APPPATH\Controllers\Usuarios.php on line 160.
 1 SYSTEMPATH\CodeIgniter.php(934): App\Controllers\Usuarios->excel()
 2 SYSTEMPATH\CodeIgniter.php(499): CodeIgniter\CodeIgniter->runController(Object(App\Controllers\Usuarios))
 3 SYSTEMPATH\CodeIgniter.php(368): CodeIgniter\CodeIgniter->handleRequest(null, Object(Config\Cache), false)
 4 FCPATH\index.php(67): CodeIgniter\CodeIgniter->run()
CRITICAL - 2023-09-10 02:54:11 --> Namespace declaration statement has to be the very first statement or after any declare call in the script
in APPPATH\Controllers\Usuarios.php on line 3.
 1 [internal function]: CodeIgniter\Debug\Exceptions->shutdownHandler()
CRITICAL - 2023-09-10 02:54:34 --> require(vendor/autoload.php): Failed to open stream: No such file or directory
in APPPATH\Controllers\Usuarios.php on line 14.
 1 APPPATH\Controllers\Usuarios.php(14): CodeIgniter\Debug\Exceptions->errorHandler(2, 'require(vendor/autoload.php): Failed to open stream: No such file or directory', 'C:\\xampp\\htdocs\\pos\\app\\Controllers\\Usuarios.php', 14)
 2 APPPATH\Controllers\Usuarios.php(14): require()
 3 SYSTEMPATH\Autoloader\Autoloader.php(312): include_once('C:\\xampp\\htdocs\\pos\\app\\Controllers\\Usuarios.php')
 4 SYSTEMPATH\Autoloader\Autoloader.php(289): CodeIgniter\Autoloader\Autoloader->includeFile('C:\\xampp\\htdocs\\pos\\app\\Controllers\\Usuarios.php')
 5 SYSTEMPATH\Autoloader\Autoloader.php(267): CodeIgniter\Autoloader\Autoloader->loadInNamespace('App\\Controllers\\Usuarios')
 6 [internal function]: CodeIgniter\Autoloader\Autoloader->loadClass('App\\Controllers\\Usuarios')
 7 SYSTEMPATH\CodeIgniter.php(892): class_exists('\\App\\Controllers\\Usuarios', true)
 8 SYSTEMPATH\CodeIgniter.php(486): CodeIgniter\CodeIgniter->startController()
 9 SYSTEMPATH\CodeIgniter.php(368): CodeIgniter\CodeIgniter->handleRequest(null, Object(Config\Cache), false)
10 FCPATH\index.php(67): CodeIgniter\CodeIgniter->run()
INFO - 2023-09-10 02:57:31 --> Session: Class initialized using 'CodeIgniter\Session\Handlers\FileHandler' driver.
INFO - 2023-09-10 02:57:33 --> Session: Class initialized using 'CodeIgniter\Session\Handlers\FileHandler' driver.
INFO - 2023-09-10 03:16:40 --> Session: Class initialized using 'CodeIgniter\Session\Handlers\FileHandler' driver.
INFO - 2023-09-10 03:16:42 --> Session: Class initialized using 'CodeIgniter\Session\Handlers\FileHandler' driver.
INFO - 2023-09-10 03:16:53 --> Session: Class initialized using 'CodeIgniter\Session\Handlers\FileHandler' driver.
INFO - 2023-09-10 03:26:54 --> Session: Class initialized using 'CodeIgniter\Session\Handlers\FileHandler' driver.
INFO - 2023-09-10 04:02:16 --> Session: Class initialized using 'CodeIgniter\Session\Handlers\FileHandler' driver.
INFO - 2023-09-10 04:02:19 --> Session: Class initialized using 'CodeIgniter\Session\Handlers\FileHandler' driver.
INFO - 2023-09-10 04:02:26 --> Session: Class initialized using 'CodeIgniter\Session\Handlers\FileHandler' driver.
INFO - 2023-09-10 04:03:37 --> Session: Class initialized using 'CodeIgniter\Session\Handlers\FileHandler' driver.
INFO - 2023-09-10 04:03:47 --> Session: Class initialized using 'CodeIgniter\Session\Handlers\FileHandler' driver.
INFO - 2023-09-10 04:03:47 --> Session: Class initialized using 'CodeIgniter\Session\Handlers\FileHandler' driver.
INFO - 2023-09-10 04:03:53 --> Session: Class initialized using 'CodeIgniter\Session\Handlers\FileHandler' driver.
INFO - 2023-09-10 04:03:54 --> Session: Class initialized using 'CodeIgniter\Session\Handlers\FileHandler' driver.
